<?xml version="1.0" encoding="UTF-8"?>
<testsuites>
	<testsuite name="init" errors="0" failures="0" tests="1" time="0.05">
		<testcase classname="init" name="Initialization of app components" assertions="3" time="0.05">
		</testcase>
	</testsuite>
	<testsuite name="appParameters" errors="0" failures="0" tests="1" time="0.01">
		<testcase classname="appParameters" name="appParameters basic" assertions="1" time="0.01">
		</testcase>
	</testsuite>
	<testsuite name="strings" errors="0" failures="0" tests="3" time="0.06">
		<testcase classname="strings" name="Basic i18n" assertions="4" time="0.02">
		</testcase>
		<testcase classname="strings" name="Fallback to language without country" assertions="4" time="0.02">
		</testcase>
		<testcase classname="strings" name="Fallback to default language (en)" assertions="2" time="0.01">
		</testcase>
	</testsuite>
	<testsuite name="stringtable" errors="0" failures="0" tests="3" time="0.10">
		<testcase classname="stringtable" name="fixMoneyCurrency test case (en and pt)" assertions="10" time="0.05">
		</testcase>
		<testcase classname="stringtable" name="applyDateMask test case, most common date formats (en and pt)" assertions="6" time="0.03">
		</testcase>
		<testcase classname="stringtable" name="applyLabels on DOM" assertions="5" time="0.03">
		</testcase>
	</testsuite>
	<testsuite name="core" errors="0" failures="0" tests="6" time="0.25">
		<testcase classname="core" name="core print basic" assertions="1" time="0.01">
		</testcase>
		<testcase classname="core" name="(asynchronous test) core load page using #" assertions="1" time="0.08">
		</testcase>
		<testcase classname="core" name="(asynchronous test) core replace page without using #" assertions="1" time="0.04">
		</testcase>
		<testcase classname="core" name="(asynchronous test) core replace page using #" assertions="1" time="0.04">
		</testcase>
		<testcase classname="core" name="(asynchronous test) core load page without using #" assertions="1" time="0.04">
		</testcase>
		<testcase classname="core" name="Test invalid usage of core functions" assertions="8" time="0.04">
		</testcase>
	</testsuite>
	<testsuite name="client" errors="0" failures="0" tests="5" time="0.06">
		<testcase classname="client" name="client error handling" assertions="1" time="0.02">
		</testcase>
		<testcase classname="client" name="Test for route" assertions="1" time="0.01">
		</testcase>
		<testcase classname="client" name="Test for pointing a location" assertions="1" time="0.01">
		</testcase>
		<testcase classname="client" name="Test for get directions" assertions="1" time="0.01">
		</testcase>
		<testcase classname="client" name="Test for get address" assertions="1" time="0.01">
		</testcase>
	</testsuite>
	<testsuite name="modules" errors="0" failures="0" tests="7" time="0.30">
		<testcase classname="modules" name="Test &quot;home&quot; module with basic render, loading, destroing and leak of node events and nodes." assertions="5" time="0.04">
		</testcase>
		<testcase classname="modules" name="Test &quot;searching&quot; module with basic render, loading, destroing and leak of node events and nodes." assertions="5" time="0.04">
		</testcase>
		<testcase classname="modules" name="Test &quot;search_location&quot; module with basic render, loading, destroing and leak of node events and nodes." assertions="5" time="0.04">
		</testcase>
		<testcase classname="modules" name="Test &quot;search_destination&quot; module with basic render, loading, destroing and leak of node events and nodes." assertions="5" time="0.04">
		</testcase>
		<testcase classname="modules" name="Test &quot;check_location&quot; module with basic render, loading, destroing and leak of node events and nodes." assertions="5" time="0.04">
		</testcase>
		<testcase classname="modules" name="Test &quot;confirm_information&quot; module with basic render, loading, destroing and leak of node events and nodes." assertions="5" time="0.04">
		</testcase>
		<testcase classname="modules" name="Test &quot;receipt&quot; module with basic render, loading, destroing and leak of node events and nodes." assertions="5" time="0.05">
		</testcase>
	</testsuite>
	<testsuite name="views" errors="0" failures="0" tests="3" time="0.06">
		<testcase classname="views" name="Test footer construction" assertions="1" time="0.01">
		</testcase>
		<testcase classname="views" name="Test buttons construction" assertions="3" time="0.02">
		</testcase>
		<testcase classname="views" name="Test buttons hide" assertions="4" time="0.03">
		</testcase>
	</testsuite>
	<testsuite name="views" errors="0" failures="0" tests="1" time="0.02">
		<testcase classname="views" name="Test header basic" assertions="3" time="0.02">
		</testcase>
	</testsuite>
</testsuites>
